[12/6/2022 11:48 AM] Exiting 'Read-Fields' function
[12/6/2022 11:48 AM] Exiting 'Read-Fields' function
[12/6/2022 11:49 AM] Getting selected profile files...
[12/6/2022 11:49 AM] Getting content from ../json/Profiles/Templates/action
[12/6/2022 11:49 AM] 'Read-Fields' function entered
[12/6/2022 11:49 AM] Converting JSON objects into rules...
[12/6/2022 11:49 AM] Exiting 'Read-Fields' function
[12/6/2022 11:49 AM] 'Read-Fields' function entered
[12/6/2022 11:49 AM] Converting JSON objects into rules...
[12/6/2022 11:49 AM] Exiting 'Read-Fields' function
[12/6/2022 11:49 AM] Exiting 'ModuleProfiles.ps1'
[12/6/2022 11:49 AM] Returning results to caller...
[12/6/2022 12:05 PM] Getting selected profile files...
[12/6/2022 12:05 PM] Getting content from ../json/Profiles/Templates/action
[12/6/2022 12:05 PM] 'Read-Fields' function entered
[12/6/2022 12:05 PM] Converting JSON objects into rules...
[12/6/2022 12:05 PM] Exiting 'Read-Fields' function
[12/6/2022 12:05 PM] 'Read-Fields' function entered
[12/6/2022 12:05 PM] Converting JSON objects into rules...
[12/6/2022 12:05 PM] Exiting 'Read-Fields' function
[12/6/2022 12:05 PM] Exiting 'ModuleProfiles.ps1'
[12/6/2022 12:05 PM] Returning results to caller...
[12/6/2022 12:06 PM] Getting selected profile files...
[12/6/2022 12:06 PM] Getting content from ../json/Profiles/Templates/action
[12/6/2022 12:06 PM] 'Read-Fields' function entered
[12/6/2022 12:06 PM] Converting JSON objects into rules...
[12/6/2022 12:06 PM] Exiting 'Read-Fields' function
[12/6/2022 12:06 PM] 'Read-Fields' function entered
[12/6/2022 12:06 PM] Converting JSON objects into rules...
[12/6/2022 12:06 PM] Exiting 'Read-Fields' function
[12/6/2022 12:06 PM] Exiting 'ModuleProfiles.ps1'
[12/6/2022 12:06 PM] Returning results to caller...
[12/6/2022 12:06 PM] Getting selected profile files...
[12/6/2022 12:06 PM] Getting content from ../json/Profiles/Templates/action
[12/6/2022 12:06 PM] 'Read-Fields' function entered
[12/6/2022 12:06 PM] Converting JSON objects into rules...
[12/6/2022 12:06 PM] Exiting 'Read-Fields' function
[12/6/2022 12:06 PM] 'Read-Fields' function entered
[12/6/2022 12:06 PM] Converting JSON objects into rules...
[12/6/2022 12:06 PM] Exiting 'Read-Fields' function
[12/6/2022 12:06 PM] Exiting 'ModuleProfiles.ps1'
[12/6/2022 12:06 PM] Returning results to caller...
[12/6/2022 12:07 PM] Getting selected profile files...
[12/6/2022 12:07 PM] Getting content from ../json/Profiles/Templates/action
[12/6/2022 12:07 PM] 'Read-Fields' function entered
[12/6/2022 12:07 PM] Converting JSON objects into rules...
[12/6/2022 12:07 PM] Exiting 'Read-Fields' function
[12/6/2022 12:07 PM] 'Read-Fields' function entered
[12/6/2022 12:07 PM] Converting JSON objects into rules...
[12/6/2022 12:07 PM] Exiting 'Read-Fields' function
[12/6/2022 12:07 PM] Exiting 'ModuleProfiles.ps1'
[12/6/2022 12:07 PM] Returning results to caller...
[12/6/2022 12:09 PM] Getting selected profile files...
[12/6/2022 12:09 PM] Getting content from ../json/Profiles/Templates/Array input is 
[12/6/2022 12:09 PM] 'Read-Fields' function entered
[12/6/2022 12:09 PM] Converting JSON objects into rules...
[12/6/2022 12:09 PM] Exiting 'Read-Fields' function
[12/6/2022 12:09 PM] 'Read-Fields' function entered
[12/6/2022 12:09 PM] Converting JSON objects into rules...
[12/6/2022 12:09 PM] Exiting 'Read-Fields' function
[12/6/2022 12:09 PM] Getting content from ../json/Profiles/Templates/action
[12/6/2022 12:09 PM] 'Read-Fields' function entered
[12/6/2022 12:09 PM] Converting JSON objects into rules...
[12/6/2022 12:09 PM] Exiting 'Read-Fields' function
[12/6/2022 12:09 PM] 'Read-Fields' function entered
[12/6/2022 12:09 PM] Converting JSON objects into rules...
[12/6/2022 12:09 PM] Exiting 'Read-Fields' function
[12/6/2022 12:09 PM] Getting content from ../json/Profiles/Templates/Array input is 
[12/6/2022 12:09 PM] 'Read-Fields' function entered
[12/6/2022 12:09 PM] Converting JSON objects into rules...
[12/6/2022 12:09 PM] Exiting 'Read-Fields' function
[12/6/2022 12:09 PM] 'Read-Fields' function entered
[12/6/2022 12:09 PM] Converting JSON objects into rules...
[12/6/2022 12:09 PM] Exiting 'Read-Fields' function
[12/6/2022 12:09 PM] Getting content from ../json/Profiles/Templates/block
[12/6/2022 12:09 PM] 'Read-Fields' function entered
[12/6/2022 12:09 PM] Converting JSON objects into rules...
[12/6/2022 12:09 PM] Exiting 'Read-Fields' function
[12/6/2022 12:09 PM] 'Read-Fields' function entered
[12/6/2022 12:09 PM] Converting JSON objects into rules...
[12/6/2022 12:09 PM] Exiting 'Read-Fields' function
[12/6/2022 12:09 PM] Getting content from ../json/Profiles/Templates/action
[12/6/2022 12:09 PM] 'Read-Fields' function entered
[12/6/2022 12:09 PM] Converting JSON objects into rules...
[12/6/2022 12:09 PM] Exiting 'Read-Fields' function
[12/6/2022 12:09 PM] 'Read-Fields' function entered
[12/6/2022 12:09 PM] Converting JSON objects into rules...
[12/6/2022 12:09 PM] Exiting 'Read-Fields' function
[12/6/2022 12:09 PM] Exiting 'ModuleProfiles.ps1'
[12/6/2022 12:09 PM] Returning results to caller...
[12/6/2022 12:09 PM] Getting selected profile files...
[12/6/2022 12:09 PM] Getting content from ../json/Profiles/Templates/Array input is 
[12/6/2022 12:09 PM] 'Read-Fields' function entered
[12/6/2022 12:09 PM] Converting JSON objects into rules...
[12/6/2022 12:09 PM] Exiting 'Read-Fields' function
[12/6/2022 12:09 PM] 'Read-Fields' function entered
[12/6/2022 12:09 PM] Converting JSON objects into rules...
[12/6/2022 12:09 PM] Exiting 'Read-Fields' function
[12/6/2022 12:09 PM] Getting content from ../json/Profiles/Templates/+
[12/6/2022 12:09 PM] 'Read-Fields' function entered
[12/6/2022 12:09 PM] Converting JSON objects into rules...
[12/6/2022 12:09 PM] Exiting 'Read-Fields' function
[12/6/2022 12:09 PM] 'Read-Fields' function entered
[12/6/2022 12:09 PM] Converting JSON objects into rules...
[12/6/2022 12:09 PM] Exiting 'Read-Fields' function
[12/6/2022 12:09 PM] Getting content from ../json/Profiles/Templates/action
[12/6/2022 12:09 PM] 'Read-Fields' function entered
[12/6/2022 12:09 PM] Converting JSON objects into rules...
[12/6/2022 12:09 PM] Exiting 'Read-Fields' function
[12/6/2022 12:09 PM] 'Read-Fields' function entered
[12/6/2022 12:09 PM] Converting JSON objects into rules...
[12/6/2022 12:09 PM] Exiting 'Read-Fields' function
[12/6/2022 12:09 PM] Getting content from ../json/Profiles/Templates/Array input is 
[12/6/2022 12:09 PM] 'Read-Fields' function entered
[12/6/2022 12:09 PM] Converting JSON objects into rules...
[12/6/2022 12:09 PM] Exiting 'Read-Fields' function
[12/6/2022 12:09 PM] 'Read-Fields' function entered
[12/6/2022 12:09 PM] Converting JSON objects into rules...
[12/6/2022 12:09 PM] Exiting 'Read-Fields' function
[12/6/2022 12:09 PM] Getting content from ../json/Profiles/Templates/+
[12/6/2022 12:09 PM] 'Read-Fields' function entered
[12/6/2022 12:09 PM] Converting JSON objects into rules...
[12/6/2022 12:09 PM] Exiting 'Read-Fields' function
[12/6/2022 12:09 PM] 'Read-Fields' function entered
[12/6/2022 12:09 PM] Converting JSON objects into rules...
[12/6/2022 12:09 PM] Exiting 'Read-Fields' function
[12/6/2022 12:09 PM] Getting content from ../json/Profiles/Templates/block
[12/6/2022 12:09 PM] 'Read-Fields' function entered
[12/6/2022 12:09 PM] Converting JSON objects into rules...
[12/6/2022 12:09 PM] Exiting 'Read-Fields' function
[12/6/2022 12:09 PM] 'Read-Fields' function entered
[12/6/2022 12:09 PM] Converting JSON objects into rules...
[12/6/2022 12:09 PM] Exiting 'Read-Fields' function
[12/6/2022 12:09 PM] Getting content from ../json/Profiles/Templates/action
[12/6/2022 12:09 PM] 'Read-Fields' function entered
[12/6/2022 12:09 PM] Converting JSON objects into rules...
[12/6/2022 12:09 PM] Exiting 'Read-Fields' function
[12/6/2022 12:09 PM] 'Read-Fields' function entered
[12/6/2022 12:09 PM] Converting JSON objects into rules...
[12/6/2022 12:09 PM] Exiting 'Read-Fields' function
[12/6/2022 12:09 PM] Exiting 'ModuleProfiles.ps1'
[12/6/2022 12:09 PM] Returning results to caller...
[12/6/2022 12:10 PM] Getting selected profile files...
[12/6/2022 12:10 PM] Getting content from ../json/Profiles/Templates/Array input is action block[0]
[12/6/2022 12:10 PM] 'Read-Fields' function entered
[12/6/2022 12:10 PM] Converting JSON objects into rules...
[12/6/2022 12:10 PM] Exiting 'Read-Fields' function
[12/6/2022 12:10 PM] 'Read-Fields' function entered
[12/6/2022 12:10 PM] Converting JSON objects into rules...
[12/6/2022 12:10 PM] Exiting 'Read-Fields' function
[12/6/2022 12:10 PM] Getting content from ../json/Profiles/Templates/Array input is action block[1]
[12/6/2022 12:10 PM] 'Read-Fields' function entered
[12/6/2022 12:10 PM] Converting JSON objects into rules...
[12/6/2022 12:10 PM] Exiting 'Read-Fields' function
[12/6/2022 12:10 PM] 'Read-Fields' function entered
[12/6/2022 12:10 PM] Converting JSON objects into rules...
[12/6/2022 12:10 PM] Exiting 'Read-Fields' function
[12/6/2022 12:10 PM] Getting content from ../json/Profiles/Templates/action
[12/6/2022 12:10 PM] 'Read-Fields' function entered
[12/6/2022 12:10 PM] Converting JSON objects into rules...
[12/6/2022 12:10 PM] Exiting 'Read-Fields' function
[12/6/2022 12:10 PM] 'Read-Fields' function entered
[12/6/2022 12:10 PM] Converting JSON objects into rules...
[12/6/2022 12:10 PM] Exiting 'Read-Fields' function
[12/6/2022 12:10 PM] Exiting 'ModuleProfiles.ps1'
[12/6/2022 12:10 PM] Returning results to caller...
[12/6/2022 12:11 PM] Getting selected profile files...
[12/6/2022 12:11 PM] Getting content from ../json/Profiles/Templates/action
[12/6/2022 12:11 PM] 'Read-Fields' function entered
[12/6/2022 12:11 PM] Converting JSON objects into rules...
[12/6/2022 12:11 PM] Exiting 'Read-Fields' function
[12/6/2022 12:11 PM] 'Read-Fields' function entered
[12/6/2022 12:11 PM] Converting JSON objects into rules...
[12/6/2022 12:11 PM] Exiting 'Read-Fields' function
[12/6/2022 12:11 PM] Getting content from ../json/Profiles/Templates/block
[12/6/2022 12:11 PM] 'Read-Fields' function entered
[12/6/2022 12:11 PM] Converting JSON objects into rules...
[12/6/2022 12:11 PM] Exiting 'Read-Fields' function
[12/6/2022 12:11 PM] 'Read-Fields' function entered
[12/6/2022 12:11 PM] Converting JSON objects into rules...
[12/6/2022 12:11 PM] Exiting 'Read-Fields' function
[12/6/2022 12:11 PM] Getting content from ../json/Profiles/Templates/action
[12/6/2022 12:11 PM] 'Read-Fields' function entered
[12/6/2022 12:11 PM] Converting JSON objects into rules...
[12/6/2022 12:11 PM] Exiting 'Read-Fields' function
[12/6/2022 12:11 PM] 'Read-Fields' function entered
[12/6/2022 12:11 PM] Converting JSON objects into rules...
[12/6/2022 12:11 PM] Exiting 'Read-Fields' function
[12/6/2022 12:11 PM] Exiting 'ModuleProfiles.ps1'
[12/6/2022 12:11 PM] Returning results to caller...
[12/6/2022 12:14 PM] Getting selected profile files...
[12/6/2022 12:14 PM] Getting content from ../json/Profiles/Templates/action
[12/6/2022 12:14 PM] 'Read-Fields' function entered
[12/6/2022 12:14 PM] Converting JSON objects into rules...
[12/6/2022 12:14 PM] Exiting 'Read-Fields' function
[12/6/2022 12:14 PM] 'Read-Fields' function entered
[12/6/2022 12:14 PM] Converting JSON objects into rules...
[12/6/2022 12:14 PM] Exiting 'Read-Fields' function
[12/6/2022 12:14 PM] Exiting 'ModuleProfiles.ps1'
[12/6/2022 12:14 PM] Returning results to caller...
[12/6/2022 12:15 PM] Getting selected profile files...
[12/6/2022 12:15 PM] Getting content from ../json/Profiles/Templates/action
[12/6/2022 12:15 PM] 'Read-Fields' function entered
[12/6/2022 12:15 PM] Converting JSON objects into rules...
[12/6/2022 12:15 PM] Exiting 'Read-Fields' function
[12/6/2022 12:15 PM] 'Read-Fields' function entered
[12/6/2022 12:15 PM] Converting JSON objects into rules...
[12/6/2022 12:15 PM] Exiting 'Read-Fields' function
[12/6/2022 12:15 PM] Exiting 'ModuleProfiles.ps1'
[12/6/2022 12:15 PM] Returning results to caller...
[12/6/2022 12:16 PM] Getting selected profile files...
[12/6/2022 12:16 PM] Getting content from ../json/Profiles/Templates/action
[12/6/2022 12:16 PM] 'Read-Fields' function entered
[12/6/2022 12:16 PM] Converting JSON objects into rules...
[12/6/2022 12:16 PM] Exiting 'Read-Fields' function
[12/6/2022 12:16 PM] 'Read-Fields' function entered
[12/6/2022 12:16 PM] Converting JSON objects into rules...
[12/6/2022 12:16 PM] Exiting 'Read-Fields' function
[12/6/2022 12:16 PM] Exiting 'ModuleProfiles.ps1'
[12/6/2022 12:16 PM] Returning results to caller...
[12/6/2022 12:25 PM] Getting selected profile files...
[12/6/2022 12:25 PM] Getting content from ../json/Profiles/Templates/N/A
[12/6/2022 12:25 PM] 'Read-Fields' function entered
[12/6/2022 12:25 PM] Converting JSON objects into rules...
[12/6/2022 12:25 PM] Exiting 'Read-Fields' function
[12/6/2022 12:25 PM] 'Read-Fields' function entered
[12/6/2022 12:25 PM] Converting JSON objects into rules...
[12/6/2022 12:25 PM] Exiting 'Read-Fields' function
[12/6/2022 12:25 PM] Exiting 'ModuleProfiles.ps1'
[12/6/2022 12:25 PM] Returning results to caller...
[12/7/2022 8:09 PM] Getting selected profile files...
[12/7/2022 8:09 PM] Getting content from ../json/Profiles/Templates/Filename being returned is 
[12/7/2022 8:09 PM] 'Read-Fields' function entered
[12/7/2022 8:09 PM] Converting JSON objects into rules...
[12/7/2022 8:09 PM] Exiting 'Read-Fields' function
[12/7/2022 8:09 PM] 'Read-Fields' function entered
[12/7/2022 8:09 PM] Converting JSON objects into rules...
[12/7/2022 8:09 PM] Exiting 'Read-Fields' function
[12/7/2022 8:09 PM] Exiting 'ModuleProfiles.ps1'
[12/7/2022 8:09 PM] Returning results to caller...
[12/7/2022 8:10 PM] Getting selected profile files...
[12/7/2022 8:10 PM] Getting content from ../json/Profiles/Templates/Filename being returned is 
[12/7/2022 8:10 PM] 'Read-Fields' function entered
[12/7/2022 8:10 PM] Converting JSON objects into rules...
[12/7/2022 8:10 PM] Exiting 'Read-Fields' function
[12/7/2022 8:10 PM] 'Read-Fields' function entered
[12/7/2022 8:10 PM] Converting JSON objects into rules...
[12/7/2022 8:10 PM] Exiting 'Read-Fields' function
[12/7/2022 8:10 PM] Exiting 'ModuleProfiles.ps1'
[12/7/2022 8:10 PM] Returning results to caller...
[12/7/2022 8:10 PM] Getting selected profile files...
[12/7/2022 8:10 PM] Getting content from ../json/Profiles/Templates/Filename being returned is 
[12/7/2022 8:10 PM] 'Read-Fields' function entered
[12/7/2022 8:10 PM] Converting JSON objects into rules...
[12/7/2022 8:10 PM] Exiting 'Read-Fields' function
[12/7/2022 8:10 PM] 'Read-Fields' function entered
[12/7/2022 8:10 PM] Converting JSON objects into rules...
[12/7/2022 8:10 PM] Exiting 'Read-Fields' function
[12/7/2022 8:10 PM] Exiting 'ModuleProfiles.ps1'
[12/7/2022 8:10 PM] Returning results to caller...
[12/7/2022 8:11 PM] Getting selected profile files...
[12/7/2022 8:11 PM] Getting content from ../json/Profiles/Templates/Filename being returned is 
[12/7/2022 8:11 PM] 'Read-Fields' function entered
[12/7/2022 8:11 PM] Converting JSON objects into rules...
[12/7/2022 8:11 PM] Exiting 'Read-Fields' function
[12/7/2022 8:11 PM] 'Read-Fields' function entered
[12/7/2022 8:11 PM] Converting JSON objects into rules...
[12/7/2022 8:11 PM] Exiting 'Read-Fields' function
[12/7/2022 8:11 PM] Exiting 'ModuleProfiles.ps1'
[12/7/2022 8:11 PM] Returning results to caller...
[12/7/2022 8:15 PM] Getting selected profile files...
[12/7/2022 8:15 PM] Getting content from ../json/Profiles/Templates/Content in position 0 is action block dir inbound[0]
[12/7/2022 8:15 PM] 'Read-Fields' function entered
[12/7/2022 8:15 PM] Converting JSON objects into rules...
[12/7/2022 8:15 PM] Exiting 'Read-Fields' function
[12/7/2022 8:15 PM] 'Read-Fields' function entered
[12/7/2022 8:15 PM] Converting JSON objects into rules...
[12/7/2022 8:15 PM] Exiting 'Read-Fields' function
[12/7/2022 8:15 PM] Getting content from ../json/Profiles/Templates/Content in position 1 is action block dir inbound[1]
[12/7/2022 8:15 PM] 'Read-Fields' function entered
[12/7/2022 8:15 PM] Converting JSON objects into rules...
[12/7/2022 8:15 PM] Exiting 'Read-Fields' function
[12/7/2022 8:15 PM] 'Read-Fields' function entered
[12/7/2022 8:15 PM] Converting JSON objects into rules...
[12/7/2022 8:15 PM] Exiting 'Read-Fields' function
[12/7/2022 8:15 PM] Getting content from ../json/Profiles/Templates/Content in position 2 is action block dir inbound[2]
[12/7/2022 8:15 PM] 'Read-Fields' function entered
[12/7/2022 8:15 PM] Converting JSON objects into rules...
[12/7/2022 8:15 PM] Exiting 'Read-Fields' function
[12/7/2022 8:15 PM] 'Read-Fields' function entered
[12/7/2022 8:15 PM] Converting JSON objects into rules...
[12/7/2022 8:15 PM] Exiting 'Read-Fields' function
[12/7/2022 8:15 PM] Getting content from ../json/Profiles/Templates/Content in position 3 is action block dir inbound[3]
[12/7/2022 8:15 PM] 'Read-Fields' function entered
[12/7/2022 8:15 PM] Converting JSON objects into rules...
[12/7/2022 8:15 PM] Exiting 'Read-Fields' function
[12/7/2022 8:15 PM] 'Read-Fields' function entered
[12/7/2022 8:15 PM] Converting JSON objects into rules...
[12/7/2022 8:15 PM] Exiting 'Read-Fields' function
[12/7/2022 8:15 PM] Exiting 'ModuleProfiles.ps1'
[12/7/2022 8:15 PM] Returning results to caller...
[12/7/2022 8:27 PM] Getting selected profile files...
[12/7/2022 8:27 PM] Getting content from ../json/Profiles/Templates/Content in position 0 is action block dir inbound[0]
[12/7/2022 8:27 PM] 'Read-Fields' function entered
[12/7/2022 8:27 PM] Converting JSON objects into rules...
[12/7/2022 8:27 PM] Exiting 'Read-Fields' function
[12/7/2022 8:27 PM] 'Read-Fields' function entered
[12/7/2022 8:27 PM] Converting JSON objects into rules...
[12/7/2022 8:27 PM] Exiting 'Read-Fields' function
[12/7/2022 8:27 PM] Getting content from ../json/Profiles/Templates/Content in position 1 is action block dir inbound[1]
[12/7/2022 8:27 PM] 'Read-Fields' function entered
[12/7/2022 8:27 PM] Converting JSON objects into rules...
[12/7/2022 8:27 PM] Exiting 'Read-Fields' function
[12/7/2022 8:27 PM] 'Read-Fields' function entered
[12/7/2022 8:27 PM] Converting JSON objects into rules...
[12/7/2022 8:27 PM] Exiting 'Read-Fields' function
[12/7/2022 8:27 PM] Getting content from ../json/Profiles/Templates/Content in position 2 is action block dir inbound[2]
[12/7/2022 8:27 PM] 'Read-Fields' function entered
[12/7/2022 8:27 PM] Converting JSON objects into rules...
[12/7/2022 8:27 PM] Exiting 'Read-Fields' function
[12/7/2022 8:27 PM] 'Read-Fields' function entered
[12/7/2022 8:27 PM] Converting JSON objects into rules...
[12/7/2022 8:27 PM] Exiting 'Read-Fields' function
[12/7/2022 8:27 PM] Getting content from ../json/Profiles/Templates/Content in position 3 is action block dir inbound[3]
[12/7/2022 8:27 PM] 'Read-Fields' function entered
[12/7/2022 8:27 PM] Converting JSON objects into rules...
[12/7/2022 8:27 PM] Exiting 'Read-Fields' function
[12/7/2022 8:27 PM] 'Read-Fields' function entered
[12/7/2022 8:27 PM] Converting JSON objects into rules...
[12/7/2022 8:27 PM] Exiting 'Read-Fields' function
[12/7/2022 8:27 PM] Exiting 'ModuleProfiles.ps1'
[12/7/2022 8:27 PM] Returning results to caller...
[12/7/2022 8:27 PM] Getting selected profile files...
[12/7/2022 8:27 PM] Getting content from ../json/Profiles/Templates/Content in position 0 is action block dir inbound[0]
[12/7/2022 8:27 PM] 'Read-Fields' function entered
[12/7/2022 8:27 PM] Converting JSON objects into rules...
[12/7/2022 8:27 PM] Exiting 'Read-Fields' function
[12/7/2022 8:27 PM] 'Read-Fields' function entered
[12/7/2022 8:27 PM] Converting JSON objects into rules...
[12/7/2022 8:27 PM] Exiting 'Read-Fields' function
[12/7/2022 8:27 PM] Getting content from ../json/Profiles/Templates/Content in position 1 is action block dir inbound[1]
[12/7/2022 8:27 PM] 'Read-Fields' function entered
[12/7/2022 8:27 PM] Converting JSON objects into rules...
[12/7/2022 8:27 PM] Exiting 'Read-Fields' function
[12/7/2022 8:27 PM] 'Read-Fields' function entered
[12/7/2022 8:27 PM] Converting JSON objects into rules...
[12/7/2022 8:27 PM] Exiting 'Read-Fields' function
[12/7/2022 8:27 PM] Getting content from ../json/Profiles/Templates/Content in position 2 is action block dir inbound[2]
[12/7/2022 8:27 PM] 'Read-Fields' function entered
[12/7/2022 8:27 PM] Converting JSON objects into rules...
[12/7/2022 8:27 PM] Exiting 'Read-Fields' function
[12/7/2022 8:27 PM] 'Read-Fields' function entered
[12/7/2022 8:27 PM] Converting JSON objects into rules...
[12/7/2022 8:27 PM] Exiting 'Read-Fields' function
[12/7/2022 8:27 PM] Getting content from ../json/Profiles/Templates/Content in position 3 is action block dir inbound[3]
[12/7/2022 8:27 PM] 'Read-Fields' function entered
[12/7/2022 8:27 PM] Converting JSON objects into rules...
[12/7/2022 8:27 PM] Exiting 'Read-Fields' function
[12/7/2022 8:27 PM] 'Read-Fields' function entered
[12/7/2022 8:27 PM] Converting JSON objects into rules...
[12/7/2022 8:27 PM] Exiting 'Read-Fields' function
[12/7/2022 8:27 PM] Exiting 'ModuleProfiles.ps1'
[12/7/2022 8:27 PM] Returning results to caller...
[12/7/2022 8:28 PM] Getting selected profile files...
[12/7/2022 8:28 PM] Getting content from ../json/Profiles/Templates/Content in position 0 is action block dir inbound[0]
[12/7/2022 8:28 PM] 'Read-Fields' function entered
[12/7/2022 8:28 PM] Converting JSON objects into rules...
[12/7/2022 8:28 PM] Exiting 'Read-Fields' function
[12/7/2022 8:28 PM] 'Read-Fields' function entered
[12/7/2022 8:28 PM] Converting JSON objects into rules...
[12/7/2022 8:28 PM] Exiting 'Read-Fields' function
[12/7/2022 8:28 PM] Getting content from ../json/Profiles/Templates/Content in position 1 is action block dir inbound[1]
[12/7/2022 8:28 PM] 'Read-Fields' function entered
[12/7/2022 8:28 PM] Converting JSON objects into rules...
[12/7/2022 8:28 PM] Exiting 'Read-Fields' function
[12/7/2022 8:28 PM] 'Read-Fields' function entered
[12/7/2022 8:28 PM] Converting JSON objects into rules...
[12/7/2022 8:28 PM] Exiting 'Read-Fields' function
[12/7/2022 8:28 PM] Getting content from ../json/Profiles/Templates/Content in position 2 is action block dir inbound[2]
[12/7/2022 8:28 PM] 'Read-Fields' function entered
[12/7/2022 8:28 PM] Converting JSON objects into rules...
[12/7/2022 8:28 PM] Exiting 'Read-Fields' function
[12/7/2022 8:28 PM] 'Read-Fields' function entered
[12/7/2022 8:28 PM] Converting JSON objects into rules...
[12/7/2022 8:28 PM] Exiting 'Read-Fields' function
[12/7/2022 8:28 PM] Getting content from ../json/Profiles/Templates/Content in position 3 is action block dir inbound[3]
[12/7/2022 8:28 PM] 'Read-Fields' function entered
[12/7/2022 8:28 PM] Converting JSON objects into rules...
[12/7/2022 8:28 PM] Exiting 'Read-Fields' function
[12/7/2022 8:28 PM] 'Read-Fields' function entered
[12/7/2022 8:28 PM] Converting JSON objects into rules...
[12/7/2022 8:28 PM] Exiting 'Read-Fields' function
[12/7/2022 8:28 PM] Exiting 'ModuleProfiles.ps1'
[12/7/2022 8:28 PM] Returning results to caller...
[12/7/2022 8:30 PM] Getting selected profile files...
[12/7/2022 8:30 PM] Getting content from ../json/Profiles/Templates/action
[12/7/2022 8:30 PM] 'Read-Fields' function entered
[12/7/2022 8:30 PM] Converting JSON objects into rules...
[12/7/2022 8:30 PM] Exiting 'Read-Fields' function
[12/7/2022 8:30 PM] 'Read-Fields' function entered
[12/7/2022 8:30 PM] Converting JSON objects into rules...
[12/7/2022 8:30 PM] Exiting 'Read-Fields' function
[12/7/2022 8:30 PM] Getting content from ../json/Profiles/Templates/block
[12/7/2022 8:30 PM] 'Read-Fields' function entered
[12/7/2022 8:30 PM] Converting JSON objects into rules...
[12/7/2022 8:30 PM] Exiting 'Read-Fields' function
[12/7/2022 8:30 PM] 'Read-Fields' function entered
[12/7/2022 8:30 PM] Converting JSON objects into rules...
[12/7/2022 8:30 PM] Exiting 'Read-Fields' function
[12/7/2022 8:30 PM] Getting content from ../json/Profiles/Templates/dir
[12/7/2022 8:30 PM] 'Read-Fields' function entered
[12/7/2022 8:30 PM] Converting JSON objects into rules...
[12/7/2022 8:30 PM] Exiting 'Read-Fields' function
[12/7/2022 8:30 PM] 'Read-Fields' function entered
[12/7/2022 8:30 PM] Converting JSON objects into rules...
[12/7/2022 8:30 PM] Exiting 'Read-Fields' function
[12/7/2022 8:30 PM] Getting content from ../json/Profiles/Templates/inbound
[12/7/2022 8:30 PM] 'Read-Fields' function entered
[12/7/2022 8:30 PM] Converting JSON objects into rules...
[12/7/2022 8:30 PM] Exiting 'Read-Fields' function
[12/7/2022 8:30 PM] 'Read-Fields' function entered
[12/7/2022 8:30 PM] Converting JSON objects into rules...
[12/7/2022 8:30 PM] Exiting 'Read-Fields' function
[12/7/2022 8:30 PM] Getting content from ../json/Profiles/Templates/Content in position 0 is action block dir inbound[0]
[12/7/2022 8:30 PM] 'Read-Fields' function entered
[12/7/2022 8:30 PM] Converting JSON objects into rules...
[12/7/2022 8:30 PM] Exiting 'Read-Fields' function
[12/7/2022 8:30 PM] 'Read-Fields' function entered
[12/7/2022 8:30 PM] Converting JSON objects into rules...
[12/7/2022 8:30 PM] Exiting 'Read-Fields' function
[12/7/2022 8:30 PM] Getting content from ../json/Profiles/Templates/Content in position 1 is action block dir inbound[1]
[12/7/2022 8:30 PM] 'Read-Fields' function entered
[12/7/2022 8:30 PM] Converting JSON objects into rules...
[12/7/2022 8:30 PM] Exiting 'Read-Fields' function
[12/7/2022 8:30 PM] 'Read-Fields' function entered
[12/7/2022 8:30 PM] Converting JSON objects into rules...
[12/7/2022 8:30 PM] Exiting 'Read-Fields' function
[12/7/2022 8:30 PM] Getting content from ../json/Profiles/Templates/Content in position 2 is action block dir inbound[2]
[12/7/2022 8:30 PM] 'Read-Fields' function entered
[12/7/2022 8:30 PM] Converting JSON objects into rules...
[12/7/2022 8:30 PM] Exiting 'Read-Fields' function
[12/7/2022 8:30 PM] 'Read-Fields' function entered
[12/7/2022 8:30 PM] Converting JSON objects into rules...
[12/7/2022 8:30 PM] Exiting 'Read-Fields' function
[12/7/2022 8:30 PM] Getting content from ../json/Profiles/Templates/Content in position 3 is action block dir inbound[3]
[12/7/2022 8:30 PM] 'Read-Fields' function entered
[12/7/2022 8:30 PM] Converting JSON objects into rules...
[12/7/2022 8:30 PM] Exiting 'Read-Fields' function
[12/7/2022 8:30 PM] 'Read-Fields' function entered
[12/7/2022 8:30 PM] Converting JSON objects into rules...
[12/7/2022 8:30 PM] Exiting 'Read-Fields' function
[12/7/2022 8:30 PM] Exiting 'ModuleProfiles.ps1'
[12/7/2022 8:30 PM] Returning results to caller...
[12/7/2022 8:31 PM] Getting selected profile files...
[12/7/2022 8:31 PM] Getting content from ../json/Profiles/Templates/action
[12/7/2022 8:31 PM] 'Read-Fields' function entered
[12/7/2022 8:31 PM] Converting JSON objects into rules...
[12/7/2022 8:31 PM] Exiting 'Read-Fields' function
[12/7/2022 8:31 PM] 'Read-Fields' function entered
[12/7/2022 8:31 PM] Converting JSON objects into rules...
[12/7/2022 8:31 PM] Exiting 'Read-Fields' function
[12/7/2022 8:31 PM] Getting content from ../json/Profiles/Templates/block
[12/7/2022 8:31 PM] 'Read-Fields' function entered
[12/7/2022 8:31 PM] Converting JSON objects into rules...
[12/7/2022 8:31 PM] Exiting 'Read-Fields' function
[12/7/2022 8:31 PM] 'Read-Fields' function entered
[12/7/2022 8:31 PM] Converting JSON objects into rules...
[12/7/2022 8:31 PM] Exiting 'Read-Fields' function
[12/7/2022 8:31 PM] Getting content from ../json/Profiles/Templates/dir
[12/7/2022 8:31 PM] 'Read-Fields' function entered
[12/7/2022 8:31 PM] Converting JSON objects into rules...
[12/7/2022 8:31 PM] Exiting 'Read-Fields' function
[12/7/2022 8:31 PM] 'Read-Fields' function entered
[12/7/2022 8:31 PM] Converting JSON objects into rules...
[12/7/2022 8:31 PM] Exiting 'Read-Fields' function
[12/7/2022 8:31 PM] Getting content from ../json/Profiles/Templates/inbound
[12/7/2022 8:31 PM] 'Read-Fields' function entered
[12/7/2022 8:31 PM] Converting JSON objects into rules...
[12/7/2022 8:31 PM] Exiting 'Read-Fields' function
[12/7/2022 8:31 PM] 'Read-Fields' function entered
[12/7/2022 8:31 PM] Converting JSON objects into rules...
[12/7/2022 8:31 PM] Exiting 'Read-Fields' function
[12/7/2022 8:31 PM] Getting content from ../json/Profiles/Templates/Content in position 0 is action block dir inbound
[12/7/2022 8:31 PM] 'Read-Fields' function entered
[12/7/2022 8:31 PM] Converting JSON objects into rules...
[12/7/2022 8:31 PM] Exiting 'Read-Fields' function
[12/7/2022 8:31 PM] 'Read-Fields' function entered
[12/7/2022 8:31 PM] Converting JSON objects into rules...
[12/7/2022 8:31 PM] Exiting 'Read-Fields' function
[12/7/2022 8:31 PM] Getting content from ../json/Profiles/Templates/Content in position 1 is action block dir inbound
[12/7/2022 8:31 PM] 'Read-Fields' function entered
[12/7/2022 8:31 PM] Converting JSON objects into rules...
[12/7/2022 8:31 PM] Exiting 'Read-Fields' function
[12/7/2022 8:31 PM] 'Read-Fields' function entered
[12/7/2022 8:31 PM] Converting JSON objects into rules...
[12/7/2022 8:31 PM] Exiting 'Read-Fields' function
[12/7/2022 8:31 PM] Getting content from ../json/Profiles/Templates/Content in position 2 is action block dir inbound
[12/7/2022 8:31 PM] 'Read-Fields' function entered
[12/7/2022 8:31 PM] Converting JSON objects into rules...
[12/7/2022 8:31 PM] Exiting 'Read-Fields' function
[12/7/2022 8:31 PM] 'Read-Fields' function entered
[12/7/2022 8:31 PM] Converting JSON objects into rules...
[12/7/2022 8:31 PM] Exiting 'Read-Fields' function
[12/7/2022 8:31 PM] Getting content from ../json/Profiles/Templates/Content in position 3 is action block dir inbound
[12/7/2022 8:31 PM] 'Read-Fields' function entered
[12/7/2022 8:31 PM] Converting JSON objects into rules...
[12/7/2022 8:31 PM] Exiting 'Read-Fields' function
[12/7/2022 8:31 PM] 'Read-Fields' function entered
[12/7/2022 8:31 PM] Converting JSON objects into rules...
[12/7/2022 8:31 PM] Exiting 'Read-Fields' function
[12/7/2022 8:31 PM] Exiting 'ModuleProfiles.ps1'
[12/7/2022 8:31 PM] Returning results to caller...
[12/7/2022 8:33 PM] Getting selected profile files...
[12/7/2022 8:33 PM] Getting content from ../json/Profiles/Templates/Content in position 0 is action
[12/7/2022 8:33 PM] 'Read-Fields' function entered
[12/7/2022 8:33 PM] Converting JSON objects into rules...
[12/7/2022 8:33 PM] Exiting 'Read-Fields' function
[12/7/2022 8:33 PM] 'Read-Fields' function entered
[12/7/2022 8:33 PM] Converting JSON objects into rules...
[12/7/2022 8:33 PM] Exiting 'Read-Fields' function
[12/7/2022 8:33 PM] Getting content from ../json/Profiles/Templates/Content in position 1 is block
[12/7/2022 8:33 PM] 'Read-Fields' function entered
[12/7/2022 8:33 PM] Converting JSON objects into rules...
[12/7/2022 8:33 PM] Exiting 'Read-Fields' function
[12/7/2022 8:33 PM] 'Read-Fields' function entered
[12/7/2022 8:33 PM] Converting JSON objects into rules...
[12/7/2022 8:33 PM] Exiting 'Read-Fields' function
[12/7/2022 8:33 PM] Getting content from ../json/Profiles/Templates/Content in position 2 is dir
[12/7/2022 8:33 PM] 'Read-Fields' function entered
[12/7/2022 8:33 PM] Converting JSON objects into rules...
[12/7/2022 8:33 PM] Exiting 'Read-Fields' function
[12/7/2022 8:33 PM] 'Read-Fields' function entered
[12/7/2022 8:33 PM] Converting JSON objects into rules...
[12/7/2022 8:33 PM] Exiting 'Read-Fields' function
[12/7/2022 8:33 PM] Getting content from ../json/Profiles/Templates/Content in position 3 is inbound
[12/7/2022 8:33 PM] 'Read-Fields' function entered
[12/7/2022 8:33 PM] Converting JSON objects into rules...
[12/7/2022 8:33 PM] Exiting 'Read-Fields' function
[12/7/2022 8:33 PM] 'Read-Fields' function entered
[12/7/2022 8:33 PM] Converting JSON objects into rules...
[12/7/2022 8:33 PM] Exiting 'Read-Fields' function
[12/7/2022 8:33 PM] Exiting 'ModuleProfiles.ps1'
[12/7/2022 8:33 PM] Returning results to caller...
[12/7/2022 8:36 PM] Getting selected profile files...
[12/7/2022 8:36 PM] Getting content from ../json/Profiles/Templates/Content in position 0 is {0}
[12/7/2022 8:36 PM] 'Read-Fields' function entered
[12/7/2022 8:36 PM] Converting JSON objects into rules...
[12/7/2022 8:36 PM] Exiting 'Read-Fields' function
[12/7/2022 8:36 PM] 'Read-Fields' function entered
[12/7/2022 8:36 PM] Converting JSON objects into rules...
[12/7/2022 8:36 PM] Exiting 'Read-Fields' function
[12/7/2022 8:36 PM] Getting content from ../json/Profiles/Templates/-f
[12/7/2022 8:36 PM] 'Read-Fields' function entered
[12/7/2022 8:36 PM] Converting JSON objects into rules...
[12/7/2022 8:36 PM] Exiting 'Read-Fields' function
[12/7/2022 8:36 PM] 'Read-Fields' function entered
[12/7/2022 8:36 PM] Converting JSON objects into rules...
[12/7/2022 8:36 PM] Exiting 'Read-Fields' function
[12/7/2022 8:36 PM] Getting content from ../json/Profiles/Templates/action
[12/7/2022 8:36 PM] 'Read-Fields' function entered
[12/7/2022 8:36 PM] Converting JSON objects into rules...
[12/7/2022 8:36 PM] Exiting 'Read-Fields' function
[12/7/2022 8:36 PM] 'Read-Fields' function entered
[12/7/2022 8:36 PM] Converting JSON objects into rules...
[12/7/2022 8:36 PM] Exiting 'Read-Fields' function
[12/7/2022 8:36 PM] Getting content from ../json/Profiles/Templates/Content in position 1 is {0}
[12/7/2022 8:36 PM] 'Read-Fields' function entered
[12/7/2022 8:36 PM] Converting JSON objects into rules...
[12/7/2022 8:36 PM] Exiting 'Read-Fields' function
[12/7/2022 8:36 PM] 'Read-Fields' function entered
[12/7/2022 8:36 PM] Converting JSON objects into rules...
[12/7/2022 8:36 PM] Exiting 'Read-Fields' function
[12/7/2022 8:36 PM] Getting content from ../json/Profiles/Templates/-f
[12/7/2022 8:36 PM] 'Read-Fields' function entered
[12/7/2022 8:36 PM] Converting JSON objects into rules...
[12/7/2022 8:36 PM] Exiting 'Read-Fields' function
[12/7/2022 8:36 PM] 'Read-Fields' function entered
[12/7/2022 8:36 PM] Converting JSON objects into rules...
[12/7/2022 8:36 PM] Exiting 'Read-Fields' function
[12/7/2022 8:36 PM] Getting content from ../json/Profiles/Templates/block
[12/7/2022 8:36 PM] 'Read-Fields' function entered
[12/7/2022 8:36 PM] Converting JSON objects into rules...
[12/7/2022 8:36 PM] Exiting 'Read-Fields' function
[12/7/2022 8:36 PM] 'Read-Fields' function entered
[12/7/2022 8:36 PM] Converting JSON objects into rules...
[12/7/2022 8:36 PM] Exiting 'Read-Fields' function
[12/7/2022 8:36 PM] Getting content from ../json/Profiles/Templates/Content in position 2 is {0}
[12/7/2022 8:36 PM] 'Read-Fields' function entered
[12/7/2022 8:36 PM] Converting JSON objects into rules...
[12/7/2022 8:36 PM] Exiting 'Read-Fields' function
[12/7/2022 8:36 PM] 'Read-Fields' function entered
[12/7/2022 8:36 PM] Converting JSON objects into rules...
[12/7/2022 8:36 PM] Exiting 'Read-Fields' function
[12/7/2022 8:36 PM] Getting content from ../json/Profiles/Templates/-f
[12/7/2022 8:36 PM] 'Read-Fields' function entered
[12/7/2022 8:36 PM] Converting JSON objects into rules...
[12/7/2022 8:36 PM] Exiting 'Read-Fields' function
[12/7/2022 8:36 PM] 'Read-Fields' function entered
[12/7/2022 8:36 PM] Converting JSON objects into rules...
[12/7/2022 8:36 PM] Exiting 'Read-Fields' function
[12/7/2022 8:36 PM] Getting content from ../json/Profiles/Templates/dir
[12/7/2022 8:36 PM] 'Read-Fields' function entered
[12/7/2022 8:36 PM] Converting JSON objects into rules...
[12/7/2022 8:36 PM] Exiting 'Read-Fields' function
[12/7/2022 8:36 PM] 'Read-Fields' function entered
[12/7/2022 8:36 PM] Converting JSON objects into rules...
[12/7/2022 8:36 PM] Exiting 'Read-Fields' function
[12/7/2022 8:36 PM] Getting content from ../json/Profiles/Templates/Content in position 3 is {0}
[12/7/2022 8:36 PM] 'Read-Fields' function entered
[12/7/2022 8:36 PM] Converting JSON objects into rules...
[12/7/2022 8:36 PM] Exiting 'Read-Fields' function
[12/7/2022 8:36 PM] 'Read-Fields' function entered
[12/7/2022 8:36 PM] Converting JSON objects into rules...
[12/7/2022 8:36 PM] Exiting 'Read-Fields' function
[12/7/2022 8:36 PM] Getting content from ../json/Profiles/Templates/-f
[12/7/2022 8:36 PM] 'Read-Fields' function entered
[12/7/2022 8:36 PM] Converting JSON objects into rules...
[12/7/2022 8:36 PM] Exiting 'Read-Fields' function
[12/7/2022 8:36 PM] 'Read-Fields' function entered
[12/7/2022 8:36 PM] Converting JSON objects into rules...
[12/7/2022 8:36 PM] Exiting 'Read-Fields' function
[12/7/2022 8:36 PM] Getting content from ../json/Profiles/Templates/inbound
[12/7/2022 8:36 PM] 'Read-Fields' function entered
[12/7/2022 8:36 PM] Converting JSON objects into rules...
[12/7/2022 8:36 PM] Exiting 'Read-Fields' function
[12/7/2022 8:36 PM] 'Read-Fields' function entered
[12/7/2022 8:36 PM] Converting JSON objects into rules...
[12/7/2022 8:36 PM] Exiting 'Read-Fields' function
[12/7/2022 8:36 PM] Exiting 'ModuleProfiles.ps1'
[12/7/2022 8:36 PM] Returning results to caller...
[12/7/2022 8:37 PM] Getting selected profile files...
[12/7/2022 8:37 PM] Getting content from ../json/Profiles/Templates/Content in position 0 is action
[12/7/2022 8:37 PM] 'Read-Fields' function entered
[12/7/2022 8:37 PM] Converting JSON objects into rules...
[12/7/2022 8:37 PM] Exiting 'Read-Fields' function
[12/7/2022 8:37 PM] 'Read-Fields' function entered
[12/7/2022 8:37 PM] Converting JSON objects into rules...
[12/7/2022 8:37 PM] Exiting 'Read-Fields' function
[12/7/2022 8:37 PM] Getting content from ../json/Profiles/Templates/Content in position 1 is block
[12/7/2022 8:37 PM] 'Read-Fields' function entered
[12/7/2022 8:37 PM] Converting JSON objects into rules...
[12/7/2022 8:37 PM] Exiting 'Read-Fields' function
[12/7/2022 8:37 PM] 'Read-Fields' function entered
[12/7/2022 8:37 PM] Converting JSON objects into rules...
[12/7/2022 8:37 PM] Exiting 'Read-Fields' function
[12/7/2022 8:37 PM] Getting content from ../json/Profiles/Templates/Content in position 2 is dir
[12/7/2022 8:37 PM] 'Read-Fields' function entered
[12/7/2022 8:37 PM] Converting JSON objects into rules...
[12/7/2022 8:37 PM] Exiting 'Read-Fields' function
[12/7/2022 8:37 PM] 'Read-Fields' function entered
[12/7/2022 8:37 PM] Converting JSON objects into rules...
[12/7/2022 8:37 PM] Exiting 'Read-Fields' function
[12/7/2022 8:37 PM] Getting content from ../json/Profiles/Templates/Content in position 3 is inbound
[12/7/2022 8:37 PM] 'Read-Fields' function entered
[12/7/2022 8:37 PM] Converting JSON objects into rules...
[12/7/2022 8:37 PM] Exiting 'Read-Fields' function
[12/7/2022 8:37 PM] 'Read-Fields' function entered
[12/7/2022 8:37 PM] Converting JSON objects into rules...
[12/7/2022 8:37 PM] Exiting 'Read-Fields' function
[12/7/2022 8:37 PM] Exiting 'ModuleProfiles.ps1'
[12/7/2022 8:37 PM] Returning results to caller...
[12/7/2022 8:37 PM] Getting selected profile files...
[12/7/2022 8:37 PM] Getting content from ../json/Profiles/Templates/Content in position 0 is action
[12/7/2022 8:37 PM] 'Read-Fields' function entered
[12/7/2022 8:37 PM] Converting JSON objects into rules...
[12/7/2022 8:37 PM] Exiting 'Read-Fields' function
[12/7/2022 8:37 PM] 'Read-Fields' function entered
[12/7/2022 8:37 PM] Converting JSON objects into rules...
[12/7/2022 8:37 PM] Exiting 'Read-Fields' function
[12/7/2022 8:37 PM] Getting content from ../json/Profiles/Templates/Content in position 1 is block
[12/7/2022 8:37 PM] 'Read-Fields' function entered
[12/7/2022 8:37 PM] Converting JSON objects into rules...
[12/7/2022 8:37 PM] Exiting 'Read-Fields' function
[12/7/2022 8:37 PM] 'Read-Fields' function entered
[12/7/2022 8:37 PM] Converting JSON objects into rules...
[12/7/2022 8:37 PM] Exiting 'Read-Fields' function
[12/7/2022 8:37 PM] Getting content from ../json/Profiles/Templates/Content in position 2 is dir
[12/7/2022 8:37 PM] 'Read-Fields' function entered
[12/7/2022 8:37 PM] Converting JSON objects into rules...
[12/7/2022 8:37 PM] Exiting 'Read-Fields' function
[12/7/2022 8:37 PM] 'Read-Fields' function entered
[12/7/2022 8:37 PM] Converting JSON objects into rules...
[12/7/2022 8:37 PM] Exiting 'Read-Fields' function
[12/7/2022 8:37 PM] Getting content from ../json/Profiles/Templates/Content in position 3 is inbound
[12/7/2022 8:37 PM] 'Read-Fields' function entered
[12/7/2022 8:37 PM] Converting JSON objects into rules...
[12/7/2022 8:37 PM] Exiting 'Read-Fields' function
[12/7/2022 8:37 PM] 'Read-Fields' function entered
[12/7/2022 8:37 PM] Converting JSON objects into rules...
[12/7/2022 8:37 PM] Exiting 'Read-Fields' function
[12/7/2022 8:37 PM] Exiting 'ModuleProfiles.ps1'
[12/7/2022 8:37 PM] Returning results to caller...
[12/7/2022 8:38 PM] Getting selected profile files...
[12/7/2022 8:38 PM] Getting content from ../json/Profiles/Templates/Content in position 0 is action
[12/7/2022 8:38 PM] 'Read-Fields' function entered
[12/7/2022 8:38 PM] Converting JSON objects into rules...
[12/7/2022 8:38 PM] Exiting 'Read-Fields' function
[12/7/2022 8:38 PM] 'Read-Fields' function entered
[12/7/2022 8:38 PM] Converting JSON objects into rules...
[12/7/2022 8:38 PM] Exiting 'Read-Fields' function
[12/7/2022 8:38 PM] Getting content from ../json/Profiles/Templates/Profiles
[12/7/2022 8:38 PM] 'Read-Fields' function entered
[12/7/2022 8:38 PM] Converting JSON objects into rules...
[12/7/2022 8:38 PM] Exiting 'Read-Fields' function
[12/7/2022 8:38 PM] 'Read-Fields' function entered
[12/7/2022 8:38 PM] Converting JSON objects into rules...
[12/7/2022 8:38 PM] Exiting 'Read-Fields' function
[12/7/2022 8:38 PM] Getting content from ../json/Profiles/Templates/Content in position 1 is block
[12/7/2022 8:38 PM] 'Read-Fields' function entered
[12/7/2022 8:38 PM] Converting JSON objects into rules...
[12/7/2022 8:38 PM] Exiting 'Read-Fields' function
[12/7/2022 8:38 PM] 'Read-Fields' function entered
[12/7/2022 8:38 PM] Converting JSON objects into rules...
[12/7/2022 8:38 PM] Exiting 'Read-Fields' function
[12/7/2022 8:38 PM] Getting content from ../json/Profiles/Templates/Profiles
[12/7/2022 8:38 PM] 'Read-Fields' function entered
[12/7/2022 8:38 PM] Converting JSON objects into rules...
[12/7/2022 8:38 PM] Exiting 'Read-Fields' function
[12/7/2022 8:38 PM] 'Read-Fields' function entered
[12/7/2022 8:38 PM] Converting JSON objects into rules...
[12/7/2022 8:38 PM] Exiting 'Read-Fields' function
[12/7/2022 8:38 PM] Getting content from ../json/Profiles/Templates/Content in position 2 is dir
[12/7/2022 8:38 PM] 'Read-Fields' function entered
[12/7/2022 8:38 PM] Converting JSON objects into rules...
[12/7/2022 8:38 PM] Exiting 'Read-Fields' function
[12/7/2022 8:38 PM] 'Read-Fields' function entered
[12/7/2022 8:38 PM] Converting JSON objects into rules...
[12/7/2022 8:38 PM] Exiting 'Read-Fields' function
[12/7/2022 8:38 PM] Getting content from ../json/Profiles/Templates/Profiles
[12/7/2022 8:38 PM] 'Read-Fields' function entered
[12/7/2022 8:38 PM] Converting JSON objects into rules...
[12/7/2022 8:38 PM] Exiting 'Read-Fields' function
[12/7/2022 8:38 PM] 'Read-Fields' function entered
[12/7/2022 8:38 PM] Converting JSON objects into rules...
[12/7/2022 8:38 PM] Exiting 'Read-Fields' function
[12/7/2022 8:38 PM] Getting content from ../json/Profiles/Templates/Content in position 3 is inbound
[12/7/2022 8:38 PM] 'Read-Fields' function entered
[12/7/2022 8:38 PM] Converting JSON objects into rules...
[12/7/2022 8:38 PM] Exiting 'Read-Fields' function
[12/7/2022 8:38 PM] 'Read-Fields' function entered
[12/7/2022 8:38 PM] Converting JSON objects into rules...
[12/7/2022 8:38 PM] Exiting 'Read-Fields' function
[12/7/2022 8:38 PM] Getting content from ../json/Profiles/Templates/Profiles
[12/7/2022 8:38 PM] 'Read-Fields' function entered
[12/7/2022 8:38 PM] Converting JSON objects into rules...
[12/7/2022 8:38 PM] Exiting 'Read-Fields' function
[12/7/2022 8:38 PM] 'Read-Fields' function entered
[12/7/2022 8:38 PM] Converting JSON objects into rules...
[12/7/2022 8:38 PM] Exiting 'Read-Fields' function
[12/7/2022 8:38 PM] Exiting 'ModuleProfiles.ps1'
[12/7/2022 8:38 PM] Returning results to caller...
[12/7/2022 9:38 PM] Getting selected profile files...
[12/7/2022 9:38 PM] Getting content from ../json/Profiles/Templates/Content in position 0 is action
[12/7/2022 9:38 PM] 'Read-Fields' function entered
[12/7/2022 9:38 PM] Converting JSON objects into rules...
[12/7/2022 9:38 PM] Exiting 'Read-Fields' function
[12/7/2022 9:38 PM] 'Read-Fields' function entered
[12/7/2022 9:38 PM] Converting JSON objects into rules...
[12/7/2022 9:38 PM] Exiting 'Read-Fields' function
[12/7/2022 9:38 PM] Getting content from ../json/Profiles/Templates/Content in position 2 is dir
[12/7/2022 9:38 PM] 'Read-Fields' function entered
[12/7/2022 9:38 PM] Converting JSON objects into rules...
[12/7/2022 9:38 PM] Exiting 'Read-Fields' function
[12/7/2022 9:38 PM] 'Read-Fields' function entered
[12/7/2022 9:38 PM] Converting JSON objects into rules...
[12/7/2022 9:38 PM] Exiting 'Read-Fields' function
[12/7/2022 9:38 PM] Getting content from ../json/Profiles/Templates/Content in position 4 is targets
[12/7/2022 9:38 PM] 'Read-Fields' function entered
[12/7/2022 9:38 PM] Converting JSON objects into rules...
[12/7/2022 9:38 PM] Exiting 'Read-Fields' function
[12/7/2022 9:38 PM] 'Read-Fields' function entered
[12/7/2022 9:38 PM] Converting JSON objects into rules...
[12/7/2022 9:38 PM] Exiting 'Read-Fields' function
[12/7/2022 9:38 PM] Exiting 'ModuleProfiles.ps1'
[12/7/2022 9:38 PM] Returning results to caller...
[12/7/2022 10:26 PM] Getting selected profile files...
[12/7/2022 10:26 PM] Getting content from ../json/Profiles/Templates/Basics.json
[12/7/2022 10:26 PM] 'Read-Fields' function entered
[12/7/2022 10:26 PM] Converting JSON objects into rules...
[12/7/2022 10:26 PM] Exiting 'Read-Fields' function
[12/7/2022 10:26 PM] 'Read-Fields' function entered
[12/7/2022 10:26 PM] Converting JSON objects into rules...
[12/7/2022 10:26 PM] Exiting 'Read-Fields' function
[12/7/2022 10:26 PM] Exiting 'ModuleProfiles.ps1'
[12/7/2022 10:26 PM] Returning results to caller...
[12/7/2022 10:29 PM] Getting selected profile files...
[12/7/2022 10:29 PM] Getting content from ../json/Profiles/Templates/Basics.json
[12/7/2022 10:29 PM] 'Read-Fields' function entered
[12/7/2022 10:29 PM] Converting JSON objects into rules...
[12/7/2022 10:29 PM] Exiting 'Read-Fields' function
[12/7/2022 10:29 PM] 'Read-Fields' function entered
[12/7/2022 10:29 PM] Converting JSON objects into rules...
[12/7/2022 10:29 PM] Exiting 'Read-Fields' function
[12/7/2022 10:29 PM] Exiting 'ModuleProfiles.ps1'
[12/7/2022 10:29 PM] Returning results to caller...
[12/7/2022 10:30 PM] Getting selected profile files...
[12/7/2022 10:30 PM] Getting content from ../json/Profiles/Templates/Basics.json
[12/7/2022 10:30 PM] 'Read-Fields' function entered
[12/7/2022 10:30 PM] Converting JSON objects into rules...
[12/7/2022 10:30 PM] Exiting 'Read-Fields' function
[12/7/2022 10:30 PM] 'Read-Fields' function entered
[12/7/2022 10:30 PM] Converting JSON objects into rules...
[12/7/2022 10:30 PM] Exiting 'Read-Fields' function
[12/7/2022 10:30 PM] Exiting 'ModuleProfiles.ps1'
[12/7/2022 10:30 PM] Returning results to caller...
[12/7/2022 10:34 PM] Getting selected profile files...
[12/7/2022 10:34 PM] Getting content from ../json/Profiles/Templates/Basics.json
[12/7/2022 10:34 PM] 'Read-Fields' function entered
[12/7/2022 10:34 PM] Converting JSON objects into rules...
[12/7/2022 10:34 PM] Exiting 'Read-Fields' function
[12/7/2022 10:34 PM] 'Read-Fields' function entered
[12/7/2022 10:34 PM] Converting JSON objects into rules...
[12/7/2022 10:34 PM] Exiting 'Read-Fields' function
[12/7/2022 10:34 PM] Exiting 'ModuleProfiles.ps1'
[12/7/2022 10:34 PM] Returning results to caller...
[12/7/2022 10:34 PM] Getting selected profile files...
[12/7/2022 10:34 PM] Getting content from ../json/Profiles/Templates/Basics.json
[12/7/2022 10:34 PM] 'Read-Fields' function entered
[12/7/2022 10:34 PM] Converting JSON objects into rules...
[12/7/2022 10:34 PM] Exiting 'Read-Fields' function
[12/7/2022 10:34 PM] 'Read-Fields' function entered
[12/7/2022 10:34 PM] Converting JSON objects into rules...
[12/7/2022 10:34 PM] Exiting 'Read-Fields' function
[12/7/2022 10:34 PM] Exiting 'ModuleProfiles.ps1'
[12/7/2022 10:34 PM] Returning results to caller...
[12/7/2022 10:34 PM] Getting selected profile files...
[12/7/2022 10:34 PM] Getting content from ../json/Profiles/Templates/Basics.json
[12/7/2022 10:34 PM] 'Read-Fields' function entered
[12/7/2022 10:34 PM] Converting JSON objects into rules...
[12/7/2022 10:34 PM] Exiting 'Read-Fields' function
[12/7/2022 10:34 PM] 'Read-Fields' function entered
[12/7/2022 10:34 PM] Converting JSON objects into rules...
[12/7/2022 10:34 PM] Exiting 'Read-Fields' function
[12/7/2022 10:34 PM] Exiting 'ModuleProfiles.ps1'
[12/7/2022 10:34 PM] Returning results to caller...
[12/7/2022 10:36 PM] Getting selected profile files...
[12/7/2022 10:36 PM] Getting content from ../json/Profiles/Templates/Basics.json
[12/7/2022 10:36 PM] 'Read-Fields' function entered
[12/7/2022 10:36 PM] Converting JSON objects into rules...
[12/7/2022 10:36 PM] Exiting 'Read-Fields' function
[12/7/2022 10:36 PM] 'Read-Fields' function entered
[12/7/2022 10:36 PM] Converting JSON objects into rules...
[12/7/2022 10:36 PM] Exiting 'Read-Fields' function
[12/7/2022 10:36 PM] Exiting 'ModuleProfiles.ps1'
[12/7/2022 10:36 PM] Returning results to caller...
[12/7/2022 10:36 PM] Getting selected profile files...
[12/7/2022 10:36 PM] Getting content from ../json/Profiles/Templates/Basics.json
[12/7/2022 10:36 PM] 'Read-Fields' function entered
[12/7/2022 10:36 PM] Converting JSON objects into rules...
[12/7/2022 10:36 PM] Exiting 'Read-Fields' function
[12/7/2022 10:36 PM] 'Read-Fields' function entered
[12/7/2022 10:36 PM] Converting JSON objects into rules...
[12/7/2022 10:36 PM] Exiting 'Read-Fields' function
[12/7/2022 10:36 PM] Exiting 'ModuleProfiles.ps1'
[12/7/2022 10:36 PM] Returning results to caller...
[12/7/2022 10:36 PM] Getting selected profile files...
[12/7/2022 10:36 PM] Getting content from ../json/Profiles/Templates/Basics.json
[12/7/2022 10:36 PM] 'Read-Fields' function entered
[12/7/2022 10:36 PM] Converting JSON objects into rules...
[12/7/2022 10:36 PM] Exiting 'Read-Fields' function
[12/7/2022 10:36 PM] 'Read-Fields' function entered
[12/7/2022 10:36 PM] Converting JSON objects into rules...
[12/7/2022 10:36 PM] Exiting 'Read-Fields' function
[12/7/2022 10:36 PM] Exiting 'ModuleProfiles.ps1'
[12/7/2022 10:36 PM] Returning results to caller...
[12/7/2022 10:37 PM] Getting selected profile files...
[12/7/2022 10:37 PM] Getting content from ../json/Profiles/Templates/Basics.json
[12/7/2022 10:37 PM] 'Read-Fields' function entered
[12/7/2022 10:37 PM] Converting JSON objects into rules...
[12/7/2022 10:37 PM] Exiting 'Read-Fields' function
[12/7/2022 10:37 PM] 'Read-Fields' function entered
[12/7/2022 10:37 PM] Converting JSON objects into rules...
[12/7/2022 10:37 PM] Exiting 'Read-Fields' function
[12/7/2022 10:37 PM] Exiting 'ModuleProfiles.ps1'
[12/7/2022 10:37 PM] Returning results to caller...
[12/7/2022 10:38 PM] Getting selected profile files...
[12/7/2022 10:38 PM] Getting content from ../json/Profiles/Templates/Basics.json
[12/7/2022 10:38 PM] 'Read-Fields' function entered
[12/7/2022 10:38 PM] Converting JSON objects into rules...
[12/7/2022 10:38 PM] Exiting 'Read-Fields' function
[12/7/2022 10:38 PM] 'Read-Fields' function entered
[12/7/2022 10:38 PM] Converting JSON objects into rules...
[12/7/2022 10:38 PM] Exiting 'Read-Fields' function
[12/7/2022 10:38 PM] Exiting 'ModuleProfiles.ps1'
[12/7/2022 10:38 PM] Returning results to caller...
[12/7/2022 10:39 PM] Getting selected profile files...
[12/7/2022 10:39 PM] Getting content from ../json/Profiles/Templates/Basics.json
[12/7/2022 10:39 PM] 'Read-Fields' function entered
[12/7/2022 10:39 PM] Converting JSON objects into rules...
[12/7/2022 10:39 PM] Exiting 'Read-Fields' function
[12/7/2022 10:39 PM] 'Read-Fields' function entered
[12/7/2022 10:39 PM] Converting JSON objects into rules...
[12/7/2022 10:39 PM] Exiting 'Read-Fields' function
[12/7/2022 10:39 PM] Exiting 'ModuleProfiles.ps1'
[12/7/2022 10:39 PM] Returning results to caller...
[12/7/2022 10:39 PM] Getting selected profile files...
[12/7/2022 10:39 PM] Getting content from ../json/Profiles/Templates/Basics.json
[12/7/2022 10:39 PM] 'Read-Fields' function entered
[12/7/2022 10:39 PM] Converting JSON objects into rules...
[12/7/2022 10:39 PM] Exiting 'Read-Fields' function
[12/7/2022 10:39 PM] 'Read-Fields' function entered
[12/7/2022 10:39 PM] Converting JSON objects into rules...
[12/7/2022 10:39 PM] Exiting 'Read-Fields' function
[12/7/2022 10:39 PM] Exiting 'ModuleProfiles.ps1'
[12/7/2022 10:39 PM] Returning results to caller...
