[11/30/2022 8:52 PM] Getting selected profile files...
[11/30/2022 8:52 PM] Getting content from ../json/Profiles/Templates/action
[11/30/2022 8:52 PM] 'Read-Fields' function entered
[11/30/2022 8:52 PM] Converting JSON objects into rules...
[11/30/2022 8:52 PM] Exiting 'Read-Fields' function
[11/30/2022 8:52 PM] 'Read-Fields' function entered
[11/30/2022 8:52 PM] Converting JSON objects into rules...
[11/30/2022 8:52 PM] Exiting 'Read-Fields' function
[11/30/2022 8:52 PM] Exiting 'ModuleProfiles.ps1'
[11/30/2022 8:52 PM] Returning results to caller...
[11/30/2022 8:52 PM] Getting selected profile files...
[11/30/2022 8:52 PM] Getting content from ../json/Profiles/Templates/action
[11/30/2022 8:52 PM] 'Read-Fields' function entered
[11/30/2022 8:52 PM] Converting JSON objects into rules...
[11/30/2022 8:52 PM] Exiting 'Read-Fields' function
[11/30/2022 8:52 PM] 'Read-Fields' function entered
[11/30/2022 8:52 PM] Converting JSON objects into rules...
[11/30/2022 8:52 PM] Exiting 'Read-Fields' function
[11/30/2022 8:52 PM] Exiting 'ModuleProfiles.ps1'
[11/30/2022 8:52 PM] Returning results to caller...
[11/30/2022 8:54 PM] Getting selected profile files...
[11/30/2022 8:54 PM] Getting content from ../json/Profiles/Templates/action
[11/30/2022 8:54 PM] 'Read-Fields' function entered
[11/30/2022 8:54 PM] Converting JSON objects into rules...
[11/30/2022 8:54 PM] Exiting 'Read-Fields' function
[11/30/2022 8:54 PM] 'Read-Fields' function entered
[11/30/2022 8:54 PM] Converting JSON objects into rules...
[11/30/2022 8:54 PM] Exiting 'Read-Fields' function
[11/30/2022 8:54 PM] Exiting 'ModuleProfiles.ps1'
[11/30/2022 8:54 PM] Returning results to caller...
[11/30/2022 8:54 PM] Getting selected profile files...
[11/30/2022 8:54 PM] Getting content from ../json/Profiles/Templates/action
[11/30/2022 8:54 PM] 'Read-Fields' function entered
[11/30/2022 8:54 PM] Converting JSON objects into rules...
[11/30/2022 8:54 PM] Exiting 'Read-Fields' function
[11/30/2022 8:54 PM] 'Read-Fields' function entered
[11/30/2022 8:54 PM] Converting JSON objects into rules...
[11/30/2022 8:54 PM] Exiting 'Read-Fields' function
[11/30/2022 8:54 PM] Exiting 'ModuleProfiles.ps1'
[11/30/2022 8:54 PM] Returning results to caller...
[11/30/2022 8:58 PM] Getting selected profile files...
[11/30/2022 8:58 PM] Getting content from ../json/Profiles/Templates/action
[11/30/2022 8:58 PM] 'Read-Fields' function entered
[11/30/2022 8:58 PM] Converting JSON objects into rules...
[11/30/2022 8:58 PM] Exiting 'Read-Fields' function
[11/30/2022 8:58 PM] 'Read-Fields' function entered
[11/30/2022 8:58 PM] Converting JSON objects into rules...
[11/30/2022 8:58 PM] Exiting 'Read-Fields' function
[11/30/2022 8:58 PM] Exiting 'ModuleProfiles.ps1'
[11/30/2022 8:58 PM] Returning results to caller...
