[11/30/2022 8:52 PM] Starting execution of file 'ModuleTarget.ps1'
[11/30/2022 8:52 PM] Checking whether 'Targets' option has been submitted
[11/30/2022 8:52 PM] Getting content from the selected target files
[11/30/2022 8:52 PM] Exiting 'ModuleTarget.ps1'
[11/30/2022 8:52 PM] Returning results to caller...
[11/30/2022 8:52 PM] Starting execution of file 'ModuleTarget.ps1'
[11/30/2022 8:52 PM] Checking whether 'Targets' option has been submitted
[11/30/2022 8:52 PM] Getting content from the selected target files
[11/30/2022 8:52 PM] Exiting 'ModuleTarget.ps1'
[11/30/2022 8:52 PM] Returning results to caller...
[11/30/2022 8:54 PM] Starting execution of file 'ModuleTarget.ps1'
[11/30/2022 8:54 PM] Checking whether 'Targets' option has been submitted
[11/30/2022 8:54 PM] Getting content from the selected target files
[11/30/2022 8:54 PM] Exiting 'ModuleTarget.ps1'
[11/30/2022 8:54 PM] Returning results to caller...
[11/30/2022 8:54 PM] Starting execution of file 'ModuleTarget.ps1'
[11/30/2022 8:54 PM] Checking whether 'Targets' option has been submitted
[11/30/2022 8:54 PM] Getting content from the selected target files
[11/30/2022 8:54 PM] Exiting 'ModuleTarget.ps1'
[11/30/2022 8:54 PM] Returning results to caller...
